{
  "RSpec": {
    "coverage": {
      "/Users/apprentice/basecamp2/nkcamp/app/models/user.rb": [
        1,
        null,
        null,
        null,
        1,
        null,
        null,
        null,
        1,
        null,
        null,
        1,
        null
      ],
      "/Users/apprentice/basecamp2/nkcamp/app/helpers/application_helper.rb": [
        1,
        null
      ],
      "/Users/apprentice/basecamp2/nkcamp/app/helpers/projects_helper.rb": [
        1,
        null
      ],
      "/Users/apprentice/basecamp2/nkcamp/app/controllers/projects_controller.rb": [
        1,
        1,
        null,
        null,
        1,
        null,
        null,
        1,
        null,
        null,
        1,
        null,
        null,
        1,
        null,
        null,
        1,
        null,
        null,
        1,
        null,
        null
      ],
      "/Users/apprentice/basecamp2/nkcamp/app/controllers/application_controller.rb": [
        1,
        1,
        null
      ],
      "/Users/apprentice/basecamp2/nkcamp/app/models/project.rb": [
        1,
        1,
        1,
        null
      ]
    },
    "timestamp": 1343858995
  }
}
